Determining if the pthread_create exist failed with the following output:
Change Dir: /home/qiulb/src/brks-multiprocess/src/CMakeFiles/CMakeTmp

Run Build Command:"/usr/bin/make" "cmTC_910e3/fast"
/usr/bin/make -f CMakeFiles/cmTC_910e3.dir/build.make CMakeFiles/cmTC_910e3.dir/build
make[1]: Entering directory '/home/qiulb/src/brks-multiprocess/src/CMakeFiles/CMakeTmp'
/usr/bin/cmake: /usr/local/lib/libcurl.so.4: no version information available (required by /usr/bin/cmake)
Building C object CMakeFiles/cmTC_910e3.dir/CheckSymbolExists.c.o
/usr/bin/cc     -o CMakeFiles/cmTC_910e3.dir/CheckSymbolExists.c.o   -c /home/qiulb/src/brks-multiprocess/src/CMakeFiles/CMakeTmp/CheckSymbolExists.c
/usr/bin/cmake: /usr/local/lib/libcurl.so.4: no version information available (required by /usr/bin/cmake)
Linking C executable cmTC_910e3
/usr/bin/cmake -E cmake_link_script CMakeFiles/cmTC_910e3.dir/link.txt --verbose=1
/usr/bin/cmake: /usr/local/lib/libcurl.so.4: no version information available (required by /usr/bin/cmake)
/usr/bin/cc       CMakeFiles/cmTC_910e3.dir/CheckSymbolExists.c.o  -o cmTC_910e3 -rdynamic 
CMakeFiles/cmTC_910e3.dir/CheckSymbolExists.c.o: In function `main':
CheckSymbolExists.c:(.text+0x16): undefined reference to `pthread_create'
collect2: error: ld returned 1 exit status
CMakeFiles/cmTC_910e3.dir/build.make:97: recipe for target 'cmTC_910e3' failed
make[1]: *** [cmTC_910e3] Error 1
make[1]: Leaving directory '/home/qiulb/src/brks-multiprocess/src/CMakeFiles/CMakeTmp'
Makefile:126: recipe for target 'cmTC_910e3/fast' failed
make: *** [cmTC_910e3/fast] Error 2

File /home/qiulb/src/brks-multiprocess/src/CMakeFiles/CMakeTmp/CheckSymbolExists.c:
/* */
#include <pthread.h>

int main(int argc, char** argv)
{
  (void)argv;
#ifndef pthread_create
  return ((int*)(&pthread_create))[argc];
#else
  (void)argc;
  return 0;
#endif
}

Determining if the function pthread_create exists in the pthreads failed with the following output:
Change Dir: /home/qiulb/src/brks-multiprocess/src/CMakeFiles/CMakeTmp

Run Build Command:"/usr/bin/make" "cmTC_f5563/fast"
/usr/bin/make -f CMakeFiles/cmTC_f5563.dir/build.make CMakeFiles/cmTC_f5563.dir/build
make[1]: Entering directory '/home/qiulb/src/brks-multiprocess/src/CMakeFiles/CMakeTmp'
/usr/bin/cmake: /usr/local/lib/libcurl.so.4: no version information available (required by /usr/bin/cmake)
Building C object CMakeFiles/cmTC_f5563.dir/CheckFunctionExists.c.o
/usr/bin/cc    -DCHECK_FUNCTION_EXISTS=pthread_create   -o CMakeFiles/cmTC_f5563.dir/CheckFunctionExists.c.o   -c /usr/share/cmake-3.5/Modules/CheckFunctionExists.c
/usr/bin/cmake: /usr/local/lib/libcurl.so.4: no version information available (required by /usr/bin/cmake)
Linking C executable cmTC_f5563
/usr/bin/cmake -E cmake_link_script CMakeFiles/cmTC_f5563.dir/link.txt --verbose=1
/usr/bin/cmake: /usr/local/lib/libcurl.so.4: no version information available (required by /usr/bin/cmake)
/usr/bin/cc   -DCHECK_FUNCTION_EXISTS=pthread_create    CMakeFiles/cmTC_f5563.dir/CheckFunctionExists.c.o  -o cmTC_f5563 -rdynamic -lpthreads 
/usr/bin/ld: cannot find -lpthreads
collect2: error: ld returned 1 exit status
CMakeFiles/cmTC_f5563.dir/build.make:97: recipe for target 'cmTC_f5563' failed
make[1]: *** [cmTC_f5563] Error 1
make[1]: Leaving directory '/home/qiulb/src/brks-multiprocess/src/CMakeFiles/CMakeTmp'
Makefile:126: recipe for target 'cmTC_f5563/fast' failed
make: *** [cmTC_f5563/fast] Error 2


